<?xml version="1.0" encoding="UTF-8"?>
<!-- Generated by org.testng.reporters.JUnitXMLReporter -->
<testsuite ignored="2" hostname="WKWIN1233388" failures="0" tests="6" name="Validation" time="7.56" errors="0" timestamp="2021-12-05T08:01:20 IST">
  <testcase classname="pack.testClass" name="getCountOfFriends" time="0.015"/>
  <testcase classname="Base.testClass" name="getLocationOfUser" time="0.034"/>
  <testcase classname="pack.testClass" name="getLocationOfUser" time="0.04"/>
  <testcase classname="Base.testClass" name="getCountOfFriends" time="0.044"/>
  <testcase classname="Base.testClass" name="searchForFrind" time="4.645"/>
  <testcase classname="pack.testClass" name="searchForFrind" time="4.624"/>
  <testcase classname="pack.Common" name="@BeforeTest logIn" time="0.0">
    <ignored/>
  </testcase> <!-- @BeforeTest logIn -->
  <testcase classname="pack.Common" name="@BeforeSuite launchBrowser" time="0.0">
    <ignored/>
  </testcase> <!-- @BeforeSuite launchBrowser -->
</testsuite> <!-- Validation -->
