<?xml version="1.0" encoding="UTF-8"?>
<!-- Generated by org.testng.reporters.JUnitXMLReporter -->
<testsuite ignored="0" hostname="WKWIN1233388" failures="0" tests="3" name="Validation1" time="0.016" errors="0" timestamp="2021-12-03T07:37:44 IST">
  <testcase classname="pack.testClass" name="searchForFrind" time="0.001"/>
  <testcase classname="pack.testClass" name="getCountOfFriends" time="0.002"/>
  <testcase classname="pack.testClass" name="getLocationOfUser" time="0.003"/>
</testsuite> <!-- Validation1 -->
