<?xml version="1.0" encoding="UTF-8"?>
<!-- Generated by org.testng.reporters.JUnitXMLReporter -->
<testsuite ignored="0" hostname="WKWIN1233388" failures="0" tests="4" name="rb" time="0.114" errors="0" timestamp="2021-12-02T08:36:06 IST">
  <testcase classname="pack.testClass" name="testCase" time="0.013"/>
  <testcase classname="pack.testClass" name="testCase1" time="0.004"/>
  <testcase classname="pack.testClass" name="testCase2" time="0.002"/>
  <testcase classname="pack.testClass" name="testCase3" time="0.003"/>
</testsuite> <!-- rb -->
