<?xml version="1.0" encoding="UTF-8"?>
<!-- Generated by org.testng.reporters.JUnitXMLReporter -->
<testsuite ignored="0" hostname="WKWIN1233388" failures="0" tests="4" name="siva" time="0.063" errors="0" timestamp="2021-12-02T08:36:07 IST">
  <testcase classname="pack.testClass" name="testCase" time="0.002"/>
  <testcase classname="pack.testClass" name="testCase1" time="0.005"/>
  <testcase classname="pack.testClass" name="testCase2" time="0.003"/>
  <testcase classname="pack.testClass" name="testCase3" time="0.002"/>
</testsuite> <!-- siva -->
