<?xml version="1.0" encoding="UTF-8"?>
<!-- Generated by org.testng.reporters.JUnitXMLReporter -->
<testsuite ignored="1" hostname="WKWIN1233388" failures="0" tests="2" name="venky" time="0.109" errors="0" timestamp="2021-12-03T07:29:58 IST">
  <testcase classname="pack.testClass" name="searchForFrind" time="0.019"/>
  <testcase classname="pack.testClass" name="getCountOfFriends" time="0.003"/>
  <testcase classname="pack.testClass" name="getLocationOfUser" time="0.0">
    <ignored/>
  </testcase> <!-- getLocationOfUser -->
</testsuite> <!-- venky -->
